9 [4130318080] INFO perfrun.launcher <> - Launcher main begin
11 [4130318080] INFO perfrun.launcher <> - MessageCatalogInit finished
11 [4130318080] INFO perfrun.launcher <> - Launcher instance created
11 [4130318080] INFO perfrun.launcher <> - argc = 6; cmdline = /dss/lrzsys/sys/spack/release/22.2.1/opt/x86_64/intel-oneapi-vtune/2021.7.1-gcc-ihh6yuf/vtune/2021.7.1/bin32/amplxe-runss -dump-vdso -r /dss/dsshome1/06/h039vab/source_code/efficient-multicore-programming-group5/heat_base/r003hs --tmp-dir /hppfs/scratch/06/h039vab/tmp/amplxe-tmp-h039vab 
28 [4130318080] INFO perfrun.launcher <> - create msngr2::ICliToolContext
28 [4130318080] INFO perfrun.launcher <> - create file finder object
38 [4121250624] INFO perfrun.launcher <> - plugin [remoteplug] was disabled because it doesn't support the given collection type.
38 [4121250624] INFO perfrun.launcher <> - plugin [] was disabled because it doesn't support the given collection type.
38 [4121250624] INFO perfrun.vdso <> - dumping [vdso] pseudomodule
46 [4121250624] INFO perfrun.launcher <> - plugin [] was disabled because it doesn't support the given collection type.
46 [4121250624] INFO perfrun.launcher <> - plugin [] was disabled because it doesn't support the given collection type.
46 [4121250624] INFO perfrun.launcher <> - plugin [] was disabled because it doesn't support the given collection type.
46 [4121250624] INFO perfrun.launcher <> - plugin [] was disabled because it doesn't support the given collection type.
46 [4121250624] INFO perfrun.launcher <> - plugin [] was disabled because it doesn't support the given collection type.
46 [4121250624] INFO perfrun.launcher <> - plugin [] was disabled because it doesn't support the given collection type.
46 [4121250624] INFO perfrun.launcher <> - plugin [] was disabled because it doesn't support the given collection type.
46 [4121250624] INFO perfrun.launcher <> - plugin [] was disabled because it doesn't support the given collection type.
46 [4121250624] INFO perfrun.launcher <> - plugin [] was disabled because it doesn't support the given collection type.
46 [4121250624] INFO perfrun.launcher <> - plugin [] was disabled because it doesn't support the given collection type.
46 [4121250624] INFO perfrun.launcher <> - plugin [] was disabled because it doesn't support the given collection type.
46 [4121250624] INFO perfrun.launcher <> - plugin [] was disabled because it doesn't support the given collection type.
46 [4121250624] INFO perfrun.launcher <> - plugin [] was disabled because it doesn't support the given collection type.
46 [4121250624] INFO perfrun.launcher <> - plugin [] was disabled because it doesn't support the given collection type.
46 [4121250624] INFO perfrun.launcher <> - plugin [] was disabled because it doesn't support the given collection type.
46 [4121250624] INFO perfrun.launcher <> - plugin [] was disabled because it doesn't support the given collection type.
46 [4121250624] INFO perfrun.launcher <> - plugin [] was disabled because it doesn't support the given collection type.
46 [4121250624] INFO perfrun.launcher <> - plugin [] was disabled because it doesn't support the given collection type.
46 [4121250624] INFO perfrun.launcher <> - plugin [] was disabled because it doesn't support the given collection type.
46 [4121250624] INFO perfrun.launcher <> - plugin [] was disabled because it doesn't support the given collection type.
46 [4121250624] INFO perfrun.launcher <> - plugin [] was disabled because it doesn't support the given collection type.
46 [4121250624] INFO perfrun.launcher <> - plugin [] was disabled because it doesn't support the given collection type.
46 [4121250624] INFO perfrun.launcher <> - plugin [] was disabled because it doesn't support the given collection type.
46 [4121250624] INFO perfrun.launcher <> - plugin [] was disabled because it doesn't support the given collection type.
46 [4130318080] INFO perfrun.launcher <> - Application exit code: 0
46 [4130318080] INFO perfrun.launcher <> - Exit code: 0
